#
# A fatal error has been detected by the Java Runtime Environment:
#
#  EXCEPTION_ACCESS_VIOLATION (0xc0000005) at pc=0x00007ffb9510ce00, pid=7644, tid=0x0000000000003e94
#
# JRE version: Java(TM) SE Runtime Environment (8.0_211-b12) (build 1.8.0_211-b12)
# Java VM: Java HotSpot(TM) 64-Bit Server VM (25.211-b12 mixed mode windows-amd64 compressed oops)
# Problematic frame:
# C  [nvoglv64.dll+0x10dce00]
#
# Failed to write core dump. Minidumps are not enabled by default on client versions of Windows
#
# If you would like to submit a bug report, please visit:
#   http://bugreport.java.com/bugreport/crash.jsp
# The crash happened outside the Java Virtual Machine in native code.
# See problematic frame for where to report the bug.
#

---------------  T H R E A D  ---------------

Current thread (0x0000000002912800):  JavaThread "main" [_thread_in_native, id=16020, stack(0x0000000002810000,0x0000000002910000)]

siginfo: ExceptionCode=0xc0000005, reading address 0x0000000000000000

Registers:
RAX=0x0000000000000040, RBX=0x00000000000002a0, RCX=0x00000000279e1914, RDX=0xffffffffd861e6ec
RSP=0x000000000290ed58, RBP=0x0000000000000002, RSI=0x0000000000000004, RDI=0x00000000279e1914
R8 =0x0000000000000040, R9 =0x0000000000000004, R10=0x0000000000000000, R11=0x00000000279e1914
R12=0x0000000000000000, R13=0x00007ffb94030000, R14=0x0000000000000001, R15=0x00000000207a4448
RIP=0x00007ffb9510ce00, EFLAGS=0x0000000000010287

Top of Stack: (sp=0x000000000290ed58)
0x000000000290ed58:   00007ffb94b5bf3c 00000000000000b8
0x000000000290ed68:   0000000002912800 00000007c00ac948
0x000000000290ed78:   00007ffb949cbadb 0000000000000000
0x000000000290ed88:   0000000000000000 0000000000000000
0x000000000290ed98:   000000000002810b 00000000207a4448
0x000000000290eda8:   00007ffb94b5ce4b 00000000207a0080
0x000000000290edb8:   0000000000000005 0000000000000004
0x000000000290edc8:   000000000290ee30 0000000002912800
0x000000000290edd8:   000000000290eeb0 00000000277c8c80
0x000000000290ede8:   0000000000000000 0000000002a1835d
0x000000000290edf8:   0000000002a28627 00000000277c8c88
0x000000000290ee08:   000000000290ee80 000000001eda3710
0x000000000290ee18:   000000001be97c60 0000000000000004
0x000000000290ee28:   000000000290ee40 000000000290ee98
0x000000000290ee38:   0000000002a1835d 000000000290ee40
0x000000000290ee48:   0000000000000000 000000000290eeb0 

Instructions: (pc=0x00007ffb9510ce00)
0x00007ffb9510cde0:   29 41 c0 0f 29 49 d0 0f 10 44 11 e0 0f 10 4c 11
0x00007ffb9510cdf0:   f0 75 ad 0f 29 41 e0 49 83 e0 7f 0f 28 c1 eb 0c
0x00007ffb9510ce00:   0f 10 04 11 48 83 c1 10 49 83 e8 10 4d 8b c8 49
0x00007ffb9510ce10:   c1 e9 04 74 1c 66 66 66 0f 1f 84 00 00 00 00 00 


Register to memory mapping:

RAX=0x0000000000000040 is an unknown value
RBX=0x00000000000002a0 is an unknown value
RCX=0x00000000279e1914 is an unknown value
RDX=0xffffffffd861e6ec is an unknown value
RSP=0x000000000290ed58 is pointing into the stack for thread: 0x0000000002912800
RBP=0x0000000000000002 is an unknown value
RSI=0x0000000000000004 is an unknown value
RDI=0x00000000279e1914 is an unknown value
R8 =0x0000000000000040 is an unknown value
R9 =0x0000000000000004 is an unknown value
R10=0x0000000000000000 is an unknown value
R11=0x00000000279e1914 is an unknown value
R12=0x0000000000000000 is an unknown value
R13=0x00007ffb94030000 is an unknown value
R14=0x0000000000000001 is an unknown value
R15=0x00000000207a4448 is an unknown value


Stack: [0x0000000002810000,0x0000000002910000],  sp=0x000000000290ed58,  free space=1019k
Native frames: (J=compiled Java code, j=interpreted, Vv=VM code, C=native code)
C  [nvoglv64.dll+0x10dce00]
C  [nvoglv64.dll+0xb2bf3c]
C  [nvoglv64.dll+0xb2ce4b]
C  0x0000000002a28627

Java frames: (J=compiled Java code, j=interpreted, Vv=VM code)
j  org.lwjgl.opengl.GL11C.glDrawArrays(III)V+0
j  org.lwjgl.opengl.GL11.glDrawArrays(III)V+3
j  renderEngine.gui.GUIRenderer.renderElement(LguiSystem/elements/Mesh2RC;)V+54
j  renderEngine.gui.GUIRenderer.lambda$0(LguiSystem/elements/Mesh2RC;)V+2
j  renderEngine.gui.GUIRenderer$$Lambda$79.accept(Ljava/lang/Object;)V+8
j  java.util.ArrayList.forEach(Ljava/util/function/Consumer;)V+47
j  renderEngine.gui.GUIRenderer.render(Ljava/util/List;)V+39
j  renderEngine.MasterRenderer.render(Lmodels/Scene;)V+39
j  BerylApplication.renderUpdate()V+11
j  BerylApplication.loop()V+8
j  BerylApplication.run()V+34
j  BerylApplication.main([Ljava/lang/String;)V+7
v  ~StubRoutines::call_stub

---------------  P R O C E S S  ---------------

Java Threads: ( => current thread )
  0x000000001e2cc800 JavaThread "Service Thread" daemon [_thread_blocked, id=13804, stack(0x000000001e650000,0x000000001e750000)]
  0x000000001c2c5800 JavaThread "C1 CompilerThread2" daemon [_thread_blocked, id=32, stack(0x000000001e150000,0x000000001e250000)]
  0x000000001c2ba800 JavaThread "C2 CompilerThread1" daemon [_thread_blocked, id=16024, stack(0x000000001e050000,0x000000001e150000)]
  0x000000001c2b7000 JavaThread "C2 CompilerThread0" daemon [_thread_blocked, id=7772, stack(0x000000001df50000,0x000000001e050000)]
  0x000000001c2b2800 JavaThread "Attach Listener" daemon [_thread_blocked, id=3372, stack(0x000000001de50000,0x000000001df50000)]
  0x000000001c2b1800 JavaThread "Signal Dispatcher" daemon [_thread_blocked, id=2904, stack(0x000000001dd50000,0x000000001de50000)]
  0x000000001c29c800 JavaThread "Finalizer" daemon [_thread_blocked, id=13268, stack(0x000000001db50000,0x000000001dc50000)]
  0x0000000002a03800 JavaThread "Reference Handler" daemon [_thread_blocked, id=1900, stack(0x000000001da50000,0x000000001db50000)]
=>0x0000000002912800 JavaThread "main" [_thread_in_native, id=16020, stack(0x0000000002810000,0x0000000002910000)]

Other Threads:
  0x000000001c278000 VMThread [stack: 0x000000001d950000,0x000000001da50000] [id=16352]
  0x000000001e2de800 WatcherThread [stack: 0x000000001e750000,0x000000001e850000] [id=7076]

VM state:not at safepoint (normal execution)

VM Mutex/Monitor currently owned by a thread: None

heap address: 0x00000006c0c00000, size: 4084 MB, Compressed Oops mode: Zero based, Oop shift amount: 3
Narrow klass base: 0x0000000000000000, Narrow klass shift: 3
Compressed class space size: 1073741824 Address: 0x00000007c0000000

Heap:
 PSYoungGen      total 76288K, used 26550K [0x000000076af00000, 0x0000000770400000, 0x00000007c0000000)
  eden space 65536K, 40% used [0x000000076af00000,0x000000076c8eda50,0x000000076ef00000)
  from space 10752K, 0% used [0x000000076f980000,0x000000076f980000,0x0000000770400000)
  to   space 10752K, 0% used [0x000000076ef00000,0x000000076ef00000,0x000000076f980000)
 ParOldGen       total 175104K, used 0K [0x00000006c0c00000, 0x00000006cb700000, 0x000000076af00000)
  object space 175104K, 0% used [0x00000006c0c00000,0x00000006c0c00000,0x00000006cb700000)
 Metaspace       used 10015K, capacity 10433K, committed 10496K, reserved 1058816K
  class space    used 867K, capacity 987K, committed 1024K, reserved 1048576K

Card table byte_map: [0x0000000011dd0000,0x00000000125d0000] byte_map_base: 0x000000000e7ca000

Marking Bits: (ParMarkBitMap*) 0x000000006c7d5ce0
 Begin Bits: [0x0000000013130000, 0x0000000017100000)
 End Bits:   [0x0000000017100000, 0x000000001b0d0000)

Polling page: 0x00000000007f0000

CodeCache: size=245760Kb used=3524Kb max_used=3524Kb free=242235Kb
 bounds [0x0000000002a10000, 0x0000000002d90000, 0x0000000011a10000]
 total_blobs=1848 nmethods=898 adapters=864
 compilation: enabled

Compilation events (10 events):
Event: 2.591 Thread 0x000000001c2c5800 nmethod 889 0x0000000002d7d7d0 code [0x0000000002d7d920, 0x0000000002d7da50]
Event: 2.591 Thread 0x000000001c2c5800  890       3       java.lang.invoke.MemberName::getType (19 bytes)
Event: 2.591 Thread 0x000000001c2c5800 nmethod 890 0x0000000002d79710 code [0x0000000002d798a0, 0x0000000002d79df8]
Event: 2.591 Thread 0x000000001c2c5800  892       3       java.lang.invoke.LambdaForm$DMH/1020371697::invokeStatic_LL_L (15 bytes)
Event: 2.591 Thread 0x000000001c2c5800 nmethod 892 0x0000000002d78e90 code [0x0000000002d79020, 0x0000000002d795d8]
Event: 2.591 Thread 0x000000001c2c5800  893       3       jdk.internal.org.objectweb.asm.MethodWriter::visitTypeInsn (110 bytes)
Event: 2.592 Thread 0x000000001c2c5800 nmethod 893 0x0000000002d80250 code [0x0000000002d803e0, 0x0000000002d80828]
Event: 2.592 Thread 0x000000001c2c5800  894       3       java.net.URLStreamHandler::equals (45 bytes)
Event: 2.592 Thread 0x000000001c2c5800 nmethod 894 0x0000000002d7fa50 code [0x0000000002d7fbe0, 0x0000000002d800f8]
Event: 2.592 Thread 0x000000001c2c5800  895       3       java.net.URLStreamHandler::sameFile (136 bytes)

GC Heap History (0 events):
No events

Deoptimization events (8 events):
Event: 1.566 Thread 0x0000000002912800 Uncommon trap: reason=predicate action=maybe_recompile pc=0x0000000002cfc0d0 method=java.util.AbstractCollection.toArray([Ljava/lang/Object;)[Ljava/lang/Object; @ 49
Event: 2.313 Thread 0x0000000002912800 Uncommon trap: reason=class_check action=maybe_recompile pc=0x0000000002d0a1ac method=java.util.AbstractCollection.toArray([Ljava/lang/Object;)[Ljava/lang/Object; @ 1
Event: 2.315 Thread 0x0000000002912800 Uncommon trap: reason=class_check action=maybe_recompile pc=0x0000000002d0a1ac method=java.util.AbstractCollection.toArray([Ljava/lang/Object;)[Ljava/lang/Object; @ 1
Event: 2.317 Thread 0x0000000002912800 Uncommon trap: reason=class_check action=maybe_recompile pc=0x0000000002d0a1ac method=java.util.AbstractCollection.toArray([Ljava/lang/Object;)[Ljava/lang/Object; @ 1
Event: 2.318 Thread 0x0000000002912800 Uncommon trap: reason=class_check action=maybe_recompile pc=0x0000000002d0a1ac method=java.util.AbstractCollection.toArray([Ljava/lang/Object;)[Ljava/lang/Object; @ 1
Event: 2.325 Thread 0x0000000002912800 Uncommon trap: reason=unstable_if action=reinterpret pc=0x0000000002d0029c method=java.lang.CharacterDataLatin1.digit(II)I @ 31
Event: 2.325 Thread 0x0000000002912800 Uncommon trap: reason=unstable_if action=reinterpret pc=0x0000000002cfdce8 method=java.lang.CharacterDataLatin1.digit(II)I @ 31
Event: 2.581 Thread 0x0000000002912800 Uncommon trap: reason=unstable_if action=reinterpret pc=0x0000000002d1b100 method=java.lang.String.split(Ljava/lang/String;I)[Ljava/lang/String; @ 207

Classes redefined (0 events):
No events

Internal exceptions (10 events):
Event: 0.285 Thread 0x0000000002912800 Exception <a 'sun/nio/fs/WindowsException'> (0x000000076b460410) thrown at [C:\re\workspace\8-2-build-windows-amd64-cygwin\jdk8u211\12973\hotspot\src\share\vm\prims\jni.cpp, line 710]
Event: 0.285 Thread 0x0000000002912800 Exception <a 'sun/nio/fs/WindowsException'> (0x000000076b460d90) thrown at [C:\re\workspace\8-2-build-windows-amd64-cygwin\jdk8u211\12973\hotspot\src\share\vm\prims\jni.cpp, line 710]
Event: 0.331 Thread 0x0000000002912800 Exception <a 'sun/nio/fs/WindowsException'> (0x000000076b54f348) thrown at [C:\re\workspace\8-2-build-windows-amd64-cygwin\jdk8u211\12973\hotspot\src\share\vm\prims\jni.cpp, line 710]
Event: 0.331 Thread 0x0000000002912800 Exception <a 'sun/nio/fs/WindowsException'> (0x000000076b54fb00) thrown at [C:\re\workspace\8-2-build-windows-amd64-cygwin\jdk8u211\12973\hotspot\src\share\vm\prims\jni.cpp, line 710]
Event: 1.143 Thread 0x0000000002912800 Exception <a 'sun/nio/fs/WindowsException'> (0x000000076b5eb4a0) thrown at [C:\re\workspace\8-2-build-windows-amd64-cygwin\jdk8u211\12973\hotspot\src\share\vm\prims\jni.cpp, line 710]
Event: 1.143 Thread 0x0000000002912800 Exception <a 'sun/nio/fs/WindowsException'> (0x000000076b5ebcc0) thrown at [C:\re\workspace\8-2-build-windows-amd64-cygwin\jdk8u211\12973\hotspot\src\share\vm\prims\jni.cpp, line 710]
Event: 1.146 Thread 0x0000000002912800 Exception <a 'sun/nio/fs/WindowsException'> (0x000000076b5f43f0) thrown at [C:\re\workspace\8-2-build-windows-amd64-cygwin\jdk8u211\12973\hotspot\src\share\vm\prims\jni.cpp, line 710]
Event: 1.146 Thread 0x0000000002912800 Exception <a 'sun/nio/fs/WindowsException'> (0x000000076b5f4ac0) thrown at [C:\re\workspace\8-2-build-windows-amd64-cygwin\jdk8u211\12973\hotspot\src\share\vm\prims\jni.cpp, line 710]
Event: 1.585 Thread 0x0000000002912800 Exception <a 'sun/nio/fs/WindowsException'> (0x000000076c5005b0) thrown at [C:\re\workspace\8-2-build-windows-amd64-cygwin\jdk8u211\12973\hotspot\src\share\vm\prims\jni.cpp, line 710]
Event: 1.585 Thread 0x0000000002912800 Exception <a 'sun/nio/fs/WindowsException'> (0x000000076c500d90) thrown at [C:\re\workspace\8-2-build-windows-amd64-cygwin\jdk8u211\12973\hotspot\src\share\vm\prims\jni.cpp, line 710]

Events (10 events):
Event: 2.591 loading class models/components/renderable/Mesh3RC
Event: 2.591 loading class models/components/renderable/Mesh3RC done
Event: 2.591 loading class tools/BerylGLTools
Event: 2.591 loading class tools/BerylGLTools done
Event: 2.592 loading class guiSystem/elements/Mesh2RC
Event: 2.592 loading class guiSystem/elements/Mesh2RC done
Event: 2.592 loading class guiSystem/elements/Mesh2RC
Event: 2.592 loading class guiSystem/elements/Mesh2RC done
Event: 2.592 loading class renderEngine/gui/GUIRenderer
Event: 2.592 loading class renderEngine/gui/GUIRenderer done


Dynamic libraries:
0x00007ff66cf50000 - 0x00007ff66cf87000 	C:\Program Files\Java\jre1.8.0_211\bin\javaw.exe
0x00007ffc1e2a0000 - 0x00007ffc1e490000 	C:\WINDOWS\SYSTEM32\ntdll.dll
0x00007ffc1db20000 - 0x00007ffc1dbd2000 	C:\WINDOWS\System32\KERNEL32.DLL
0x00007ffc1b9d0000 - 0x00007ffc1bc74000 	C:\WINDOWS\System32\KERNELBASE.dll
0x00007ffc1c510000 - 0x00007ffc1c5b3000 	C:\WINDOWS\System32\ADVAPI32.dll
0x00007ffc1cf40000 - 0x00007ffc1cfde000 	C:\WINDOWS\System32\msvcrt.dll
0x00007ffc1d380000 - 0x00007ffc1d417000 	C:\WINDOWS\System32\sechost.dll
0x00007ffc1c5c0000 - 0x00007ffc1c6e0000 	C:\WINDOWS\System32\RPCRT4.dll
0x00007ffc1cfe0000 - 0x00007ffc1d174000 	C:\WINDOWS\System32\USER32.dll
0x00007ffc1bee0000 - 0x00007ffc1bf01000 	C:\WINDOWS\System32\win32u.dll
0x00007ffc1dbe0000 - 0x00007ffc1dc06000 	C:\WINDOWS\System32\GDI32.dll
0x00007ffc1bf10000 - 0x00007ffc1c0a5000 	C:\WINDOWS\System32\gdi32full.dll
0x00007ffc1c0b0000 - 0x00007ffc1c14e000 	C:\WINDOWS\System32\msvcp_win.dll
0x00007ffc1bde0000 - 0x00007ffc1beda000 	C:\WINDOWS\System32\ucrtbase.dll
0x00007ffc0e970000 - 0x00007ffc0ebf4000 	C:\WINDOWS\WinSxS\amd64_microsoft.windows.common-controls_6595b64144ccf1df_6.0.18362.900_none_e6beb9d913147d17\COMCTL32.dll
0x00007ffc1de70000 - 0x00007ffc1e1a5000 	C:\WINDOWS\System32\combase.dll
0x00007ffc1bd60000 - 0x00007ffc1bde0000 	C:\WINDOWS\System32\bcryptPrimitives.dll
0x00007ffc1ddd0000 - 0x00007ffc1ddfe000 	C:\WINDOWS\System32\IMM32.DLL
0x000000006bd50000 - 0x000000006be22000 	C:\Program Files\Java\jre1.8.0_211\bin\msvcr100.dll
0x000000006bfb0000 - 0x000000006c855000 	C:\Program Files\Java\jre1.8.0_211\bin\server\jvm.dll
0x00007ffc1d1e0000 - 0x00007ffc1d1e8000 	C:\WINDOWS\System32\PSAPI.DLL
0x00007ffc18c70000 - 0x00007ffc18c94000 	C:\WINDOWS\SYSTEM32\WINMM.dll
0x00007ffc0bd10000 - 0x00007ffc0bd19000 	C:\WINDOWS\SYSTEM32\WSOCK32.dll
0x00007ffc143a0000 - 0x00007ffc143aa000 	C:\WINDOWS\SYSTEM32\VERSION.dll
0x00007ffc1de00000 - 0x00007ffc1de6f000 	C:\WINDOWS\System32\WS2_32.dll
0x00007ffc18c40000 - 0x00007ffc18c6d000 	C:\WINDOWS\SYSTEM32\winmmbase.dll
0x00007ffc1c300000 - 0x00007ffc1c34a000 	C:\WINDOWS\System32\cfgmgr32.dll
0x00007ffc0bd00000 - 0x00007ffc0bd0f000 	C:\Program Files\Java\jre1.8.0_211\bin\verify.dll
0x00007ffc03a40000 - 0x00007ffc03a69000 	C:\Program Files\Java\jre1.8.0_211\bin\java.dll
0x00007ffc09ad0000 - 0x00007ffc09ae6000 	C:\Program Files\Java\jre1.8.0_211\bin\zip.dll
0x00007ffc1d420000 - 0x00007ffc1db06000 	C:\WINDOWS\System32\SHELL32.dll
0x00007ffc1e1b0000 - 0x00007ffc1e259000 	C:\WINDOWS\System32\shcore.dll
0x00007ffc1b230000 - 0x00007ffc1b9b0000 	C:\WINDOWS\System32\windows.storage.dll
0x00007ffc1b1c0000 - 0x00007ffc1b1e3000 	C:\WINDOWS\System32\profapi.dll
0x00007ffc1b170000 - 0x00007ffc1b1ba000 	C:\WINDOWS\System32\powrprof.dll
0x00007ffc1b160000 - 0x00007ffc1b170000 	C:\WINDOWS\System32\UMPDC.dll
0x00007ffc1d180000 - 0x00007ffc1d1d2000 	C:\WINDOWS\System32\shlwapi.dll
0x00007ffc1b210000 - 0x00007ffc1b221000 	C:\WINDOWS\System32\kernel.appcore.dll
0x00007ffc1b9b0000 - 0x00007ffc1b9c7000 	C:\WINDOWS\System32\cryptsp.dll
0x00007ffc09990000 - 0x00007ffc099aa000 	C:\Program Files\Java\jre1.8.0_211\bin\net.dll
0x00007ffc0ec00000 - 0x00007ffc0edd6000 	C:\WINDOWS\SYSTEM32\urlmon.dll
0x00007ffc0c1b0000 - 0x00007ffc0c456000 	C:\WINDOWS\SYSTEM32\iertutil.dll
0x00007ffc1aba0000 - 0x00007ffc1abac000 	C:\WINDOWS\SYSTEM32\CRYPTBASE.DLL
0x00007ffc1a9d0000 - 0x00007ffc1aa37000 	C:\WINDOWS\system32\mswsock.dll
0x00007ffc09310000 - 0x00007ffc09322000 	C:\Program Files\Java\jre1.8.0_211\bin\nio.dll
0x00007ffc00f40000 - 0x00007ffc00fa4000 	C:\Users\Brandon Erickson\AppData\Local\Temp\lwjglBrandon Erickson\3.2.3-build-13\lwjgl.dll
0x00007ffbecc90000 - 0x00007ffbeccf2000 	C:\Users\Brandon Erickson\AppData\Local\Temp\lwjglBrandon Erickson\3.2.3-build-13\glfw.dll
0x00007ffc194d0000 - 0x00007ffc19569000 	C:\WINDOWS\system32\uxtheme.dll
0x00007ffc04630000 - 0x00007ffc04673000 	C:\WINDOWS\SYSTEM32\dinput8.dll
0x00007ffbf3550000 - 0x00007ffbf3561000 	C:\WINDOWS\SYSTEM32\xinput1_4.dll
0x00007ffc1af60000 - 0x00007ffc1af8a000 	C:\WINDOWS\SYSTEM32\DEVOBJ.dll
0x00007ffc19900000 - 0x00007ffc1992d000 	C:\WINDOWS\SYSTEM32\dwmapi.dll
0x00007ffc0d8f0000 - 0x00007ffc0da0b000 	C:\WINDOWS\SYSTEM32\inputhost.dll
0x00007ffc16ea0000 - 0x00007ffc16ff3000 	C:\WINDOWS\SYSTEM32\wintypes.dll
0x00007ffc17080000 - 0x00007ffc173aa000 	C:\WINDOWS\SYSTEM32\CoreUIComponents.dll
0x00007ffc1a2d0000 - 0x00007ffc1a301000 	C:\WINDOWS\SYSTEM32\ntmarta.dll
0x00007ffc19010000 - 0x00007ffc190e4000 	C:\WINDOWS\SYSTEM32\CoreMessaging.dll
0x00007ffc17b10000 - 0x00007ffc17c00000 	C:\WINDOWS\SYSTEM32\PROPSYS.dll
0x00007ffc1cb50000 - 0x00007ffc1cc15000 	C:\WINDOWS\System32\OLEAUT32.dll
0x00007ffc1c370000 - 0x00007ffc1c4a5000 	C:\WINDOWS\System32\MSCTF.dll
0x00007ffc1a0c0000 - 0x00007ffc1a0ce000 	C:\WINDOWS\SYSTEM32\HID.DLL
0x00007ffc1c6e0000 - 0x00007ffc1cb50000 	C:\WINDOWS\System32\SETUPAPI.DLL
0x00007ffc1bd30000 - 0x00007ffc1bd56000 	C:\WINDOWS\System32\bcrypt.dll
0x00007ffc1c2a0000 - 0x00007ffc1c2fc000 	C:\WINDOWS\System32\WINTRUST.dll
0x00007ffc1b1f0000 - 0x00007ffc1b202000 	C:\WINDOWS\System32\MSASN1.dll
0x00007ffc1c150000 - 0x00007ffc1c299000 	C:\WINDOWS\System32\CRYPT32.dll
0x00007ffbd88a0000 - 0x00007ffbd89f6000 	C:\WINDOWS\SYSTEM32\opengl32.dll
0x00007ffbd8870000 - 0x00007ffbd889c000 	C:\WINDOWS\SYSTEM32\GLU32.dll
0x00007ffc19dc0000 - 0x00007ffc19de0000 	C:\WINDOWS\SYSTEM32\dxcore.dll
0x00007ffb94030000 - 0x00007ffb9686f000 	C:\WINDOWS\System32\DriverStore\FileRepository\nv_dispi.inf_amd64_ccad5caddc3a3d35\nvoglv64.dll
0x00007ffc1cc20000 - 0x00007ffc1cd77000 	C:\WINDOWS\System32\ole32.dll
0x00007ffc17c60000 - 0x00007ffc17c73000 	C:\WINDOWS\SYSTEM32\WTSAPI32.dll
0x00007ffbe2f30000 - 0x00007ffbe31e7000 	C:\WINDOWS\system32\nvspcap64.dll
0x00007ffc1a220000 - 0x00007ffc1a276000 	C:\WINDOWS\SYSTEM32\WINSTA.dll
0x00007ffc0da10000 - 0x00007ffc0daae000 	C:\WINDOWS\System32\TextInputFramework.dll
0x00007ffbeb340000 - 0x00007ffbeb399000 	C:\Users\Brandon Erickson\AppData\Local\Temp\lwjglBrandon Erickson\3.2.3-build-13\lwjgl_opengl.dll
0x00007ffbeb2c0000 - 0x00007ffbeb337000 	C:\Users\Brandon Erickson\AppData\Local\Temp\lwjglBrandon Erickson\3.2.3-build-13\lwjgl_stb.dll
0x00007ffc062f0000 - 0x00007ffc064e4000 	C:\WINDOWS\SYSTEM32\dbghelp.dll

VM Arguments:
jvm_args: -Dfile.encoding=Cp1252 
java_command: BerylApplication
java_class_path (initial): C:\Users\Brandon Erickson\Documents\Java\game-engine-lwjgl3-test\bin;C:\Users\Brandon Erickson\Documents\Java\game-engine-lwjgl3-test\lib\lwjgl-assimp.jar;C:\Users\Brandon Erickson\Documents\Java\game-engine-lwjgl3-test\lib\lwjgl-glfw.jar;C:\Users\Brandon Erickson\Documents\Java\game-engine-lwjgl3-test\lib\lwjgl-openal.jar;C:\Users\Brandon Erickson\Documents\Java\game-engine-lwjgl3-test\lib\lwjgl-opengl.jar;C:\Users\Brandon Erickson\Documents\Java\game-engine-lwjgl3-test\lib\lwjgl-stb.jar;C:\Users\Brandon Erickson\Documents\Java\game-engine-lwjgl3-test\lib\lwjgl.jar;C:\Users\Brandon Erickson\Documents\Java\game-engine-lwjgl3-test\lib\lwjgl-assimp-natives-windows.jar;C:\Users\Brandon Erickson\Documents\Java\game-engine-lwjgl3-test\lib\lwjgl-glfw-natives-windows.jar;C:\Users\Brandon Erickson\Documents\Java\game-engine-lwjgl3-test\lib\lwjgl-natives-windows.jar;C:\Users\Brandon Erickson\Documents\Java\game-engine-lwjgl3-test\lib\lwjgl-openal-natives-windows.jar;C:\Users\Brandon Erickson\Documents\Java\game-engine-lwjgl3-test\lib\lwjgl-opengl-natives-windows.jar;C:\Users\Brandon Erickson\Documents\Java\game-engine-lwjgl3-test\lib\lwjgl-stb-natives-windows.jar;C:\Users\Brandon Erickson\Documents\Java\game-engine-lwjgl3-test\lib\PNGDecoder.jar;C:\Users\Brandon Erickson\Documents\Java\game-engine-lwjgl3-test\lib\slick-util.jar
Launcher Type: SUN_STANDARD

Environment Variables:
PATH=C:/Program Files/Java/jre1.8.0_211/bin/server;C:/Program Files/Java/jre1.8.0_211/bin;C:/Program Files/Java/jre1.8.0_211/lib/amd64;C:\Program Files\Oculus\Support\oculus-runtime;C:\Program Files (x86)\Common Files\Intel\Shared Libraries\redist\intel64\compiler;C:\Program Files (x86)\Razer\ChromaBroadcast\bin;C:\Program Files\Razer\ChromaBroadcast\bin;C:\Program Files (x86)\Common Files\Oracle\Java\javapath;C:\WINDOWS\system32;C:\WINDOWS;C:\WINDOWS\System32\Wbem;C:\WINDOWS\System32\WindowsPowerShell\v1.0\;C:\WINDOWS\System32\OpenSSH\;C:\Users\Brandon Erickson\AppData\Local\Microsoft\WindowsApps;C:\WINDOWS\system32;C:\WINDOWS;C:\WINDOWS\System32\Wbem;C:\WINDOWS\System32\WindowsPowerShell\v1.0\;C:\WINDOWS\System32\OpenSSH\;C:\Program Files\Git\cmd;C:\Program Files (x86)\Yarn\bin\;C:\Program Files\nodejs\;C:\Program Files\NVIDIA Corporation\NVIDIA NvDLISR;C:\Program Files (x86)\NVIDIA Corporation\PhysX\Common;C:\Users\Brandon Erickson\AppData\Local\Programs\Python\Python37-32\Scripts\;C:\Users\Brandon Erickson\AppData\Local\Programs\Python\Python37-32\;C:\Users\Brandon Erickson\AppData\Local\Microsoft\WindowsApps;C:\Users\Brandon Erickson\AppData\Local\Programs\Microsoft VS Code\bin;C:\webdrivers;C:\Users\Brandon Erickson\AppData\Local\Yarn\bin;C:\Users\Brandon Erickson\AppData\Roaming\npm;C:\WINDOWS\system32;
USERNAME=Brandon Erickson
OS=Windows_NT
PROCESSOR_IDENTIFIER=AMD64 Family 21 Model 2 Stepping 0, AuthenticAMD



---------------  S Y S T E M  ---------------

OS: Windows 10.0 , 64 bit Build 18362 (10.0.18362.900)

CPU:total 6 (initial active 6) (6 cores per cpu, 1 threads per core) family 21 model 2 stepping 0, cmov, cx8, fxsr, mmx, sse, sse2, sse3, ssse3, sse4.1, sse4.2, popcnt, avx, aes, clmul, mmxext, 3dnowpref, lzcnt, sse4a, tsc, tscinvbit, tscinv, bmi1

Memory: 4k page, physical 16722672k(8536124k free), swap 21965552k(8144432k free)

vm_info: Java HotSpot(TM) 64-Bit Server VM (25.211-b12) for windows-amd64 JRE (1.8.0_211-b12), built on Apr  1 2019 20:53:26 by "java_re" with MS VC++ 10.0 (VS2010)

time: Mon Jul 13 01:12:25 2020
timezone: US Mountain Standard Time
elapsed time: 2 seconds (0d 0h 0m 2s)

